<?xml version="1.0" encoding="UTF-8"?>
<!-- Generated by org.testng.reporters.JUnitXMLReporter -->
<testsuite hostname="sparopate-PC" name="GRP-Car,Bike" tests="4" failures="0" timestamp="14 Feb 2016 04:11:33 GMT" time="0.084" errors="0">
  <testcase name="drive" time="0.045" classname="com.parallel.execution.TestAnnotationSequence"/>
  <testcase name="drifting" time="0.001" classname="com.parallel.execution.TestAnnotationSequence"/>
  <testcase name="changeGear" time="0.001" classname="com.parallel.execution.TestAnnotationSequence"/>
  <testcase name="accelerate" time="0.001" classname="com.parallel.execution.TestAnnotationSequence"/>
</testsuite> <!-- GRP-Car,Bike -->
