<?xml version="1.0" encoding="UTF-8"?>
<!-- Generated by org.testng.reporters.JUnitXMLReporter -->
<testsuite hostname="sparopate-PC" name="Default test" tests="3" failures="0" timestamp="26 Jun 2016 17:54:08 GMT" time="0.03" errors="0">
  <testcase name="f4" time="0.006" classname="com.junit.module7.TestAnnotationSequence"/>
  <testcase name="f1" time="0.001" classname="com.junit.module7.TestAnnotationSequence"/>
  <testcase name="f3" time="0.001" classname="com.junit.module7.TestAnnotationSequence"/>
</testsuite> <!-- Default test -->
