<?xml version="1.0" encoding="UTF-8"?>
<!-- Generated by org.testng.reporters.JUnitXMLReporter -->
<testsuite hostname="sparopate-PC" name="Default test" tests="5" failures="0" timestamp="14 Feb 2016 04:22:49 GMT" time="0.058" errors="0">
  <testcase name="drive" time="0.008" classname="com.parallel.execution.TestAnnotationSequence"/>
  <testcase name="drifting" time="0.001" classname="com.parallel.execution.TestAnnotationSequence"/>
  <testcase name="onMaxSpeed" time="0.002" classname="com.parallel.execution.TestAnnotationSequence"/>
  <testcase name="changeGear" time="0.003" classname="com.parallel.execution.TestAnnotationSequence"/>
  <testcase name="accelerate" time="0.001" classname="com.parallel.execution.TestAnnotationSequence"/>
</testsuite> <!-- Default test -->
