<?xml version="1.0" encoding="UTF-8"?>
<testng-results skipped="0" failed="0" total="3" passed="3">
  <reporter-output>
  </reporter-output>
  <suite name="AnnotationSuite" duration-ms="58" started-at="2016-06-26T18:03:44Z" finished-at="2016-06-26T18:03:44Z">
    <groups>
    </groups>
    <test name="AnnotationTest" duration-ms="58" started-at="2016-06-26T18:03:44Z" finished-at="2016-06-26T18:03:44Z">
      <class name="com.junit.module7.TestAnnotationSequence">
        <test-method status="PASS" signature="beforeSuite()[pri:0, instance:com.junit.module7.TestAnnotationSequence@71f2a7d5]" name="beforeSuite" is-config="true" duration-ms="16" started-at="2016-06-26T23:33:44Z" finished-at="2016-06-26T23:33:44Z">
          <reporter-output>
          </reporter-output>
        </test-method> <!-- beforeSuite -->
        <test-method status="PASS" signature="beforeTest()[pri:0, instance:com.junit.module7.TestAnnotationSequence@71f2a7d5]" name="beforeTest" is-config="true" duration-ms="4" started-at="2016-06-26T23:33:44Z" finished-at="2016-06-26T23:33:44Z">
          <reporter-output>
          </reporter-output>
        </test-method> <!-- beforeTest -->
        <test-method status="PASS" signature="beforeClass()[pri:0, instance:com.junit.module7.TestAnnotationSequence@71f2a7d5]" name="beforeClass" is-config="true" duration-ms="1" started-at="2016-06-26T23:33:44Z" finished-at="2016-06-26T23:33:44Z">
          <reporter-output>
          </reporter-output>
        </test-method> <!-- beforeClass -->
        <test-method status="PASS" signature="beforeMethod()[pri:0, instance:com.junit.module7.TestAnnotationSequence@71f2a7d5]" name="beforeMethod" is-config="true" duration-ms="1" started-at="2016-06-26T23:33:44Z" finished-at="2016-06-26T23:33:44Z">
          <reporter-output>
          </reporter-output>
        </test-method> <!-- beforeMethod -->
        <test-method status="PASS" signature="f4()[pri:0, instance:com.junit.module7.TestAnnotationSequence@71f2a7d5]" name="f4" duration-ms="9" started-at="2016-06-26T23:33:44Z" finished-at="2016-06-26T23:33:44Z">
          <reporter-output>
          </reporter-output>
        </test-method> <!-- f4 -->
        <test-method status="PASS" signature="afterMethod()[pri:0, instance:com.junit.module7.TestAnnotationSequence@71f2a7d5]" name="afterMethod" is-config="true" duration-ms="0" started-at="2016-06-26T23:33:44Z" finished-at="2016-06-26T23:33:44Z">
          <reporter-output>
          </reporter-output>
        </test-method> <!-- afterMethod -->
        <test-method status="PASS" signature="beforeMethod()[pri:0, instance:com.junit.module7.TestAnnotationSequence@71f2a7d5]" name="beforeMethod" is-config="true" duration-ms="0" started-at="2016-06-26T23:33:44Z" finished-at="2016-06-26T23:33:44Z">
          <reporter-output>
          </reporter-output>
        </test-method> <!-- beforeMethod -->
        <test-method status="PASS" signature="f1()[pri:0, instance:com.junit.module7.TestAnnotationSequence@71f2a7d5]" name="f1" duration-ms="3" started-at="2016-06-26T23:33:44Z" finished-at="2016-06-26T23:33:44Z">
          <reporter-output>
          </reporter-output>
        </test-method> <!-- f1 -->
        <test-method status="PASS" signature="afterMethod()[pri:0, instance:com.junit.module7.TestAnnotationSequence@71f2a7d5]" name="afterMethod" is-config="true" duration-ms="1" started-at="2016-06-26T23:33:44Z" finished-at="2016-06-26T23:33:44Z">
          <reporter-output>
          </reporter-output>
        </test-method> <!-- afterMethod -->
        <test-method status="PASS" signature="f3()[pri:0, instance:com.junit.module7.TestAnnotationSequence@71f2a7d5]" name="f3" duration-ms="6" started-at="2016-06-26T23:33:44Z" finished-at="2016-06-26T23:33:44Z">
          <reporter-output>
          </reporter-output>
        </test-method> <!-- f3 -->
        <test-method status="PASS" signature="beforeMethod()[pri:0, instance:com.junit.module7.TestAnnotationSequence@71f2a7d5]" name="beforeMethod" is-config="true" duration-ms="0" started-at="2016-06-26T23:33:44Z" finished-at="2016-06-26T23:33:44Z">
          <reporter-output>
          </reporter-output>
        </test-method> <!-- beforeMethod -->
        <test-method status="PASS" signature="afterMethod()[pri:0, instance:com.junit.module7.TestAnnotationSequence@71f2a7d5]" name="afterMethod" is-config="true" duration-ms="1" started-at="2016-06-26T23:33:44Z" finished-at="2016-06-26T23:33:44Z">
          <reporter-output>
          </reporter-output>
        </test-method> <!-- afterMethod -->
        <test-method status="PASS" signature="afterClass()[pri:0, instance:com.junit.module7.TestAnnotationSequence@71f2a7d5]" name="afterClass" is-config="true" duration-ms="1" started-at="2016-06-26T23:33:44Z" finished-at="2016-06-26T23:33:44Z">
          <reporter-output>
          </reporter-output>
        </test-method> <!-- afterClass -->
        <test-method status="PASS" signature="afterTest()[pri:0, instance:com.junit.module7.TestAnnotationSequence@71f2a7d5]" name="afterTest" is-config="true" duration-ms="1" started-at="2016-06-26T23:33:44Z" finished-at="2016-06-26T23:33:44Z">
          <reporter-output>
          </reporter-output>
        </test-method> <!-- afterTest -->
        <test-method status="PASS" signature="afterSuite()[pri:0, instance:com.junit.module7.TestAnnotationSequence@71f2a7d5]" name="afterSuite" is-config="true" duration-ms="1" started-at="2016-06-26T23:33:45Z" finished-at="2016-06-26T23:33:45Z">
          <reporter-output>
          </reporter-output>
        </test-method> <!-- afterSuite -->
      </class> <!-- com.junit.module7.TestAnnotationSequence -->
    </test> <!-- AnnotationTest -->
  </suite> <!-- AnnotationSuite -->
</testng-results>
